<?xml version="1.0" encoding="UTF-8"?>
<testsuite xmlns:xsi="http://www.w3.org/2001/XMLSchema-instance" xsi:noNamespaceSchemaLocation="https://maven.apache.org/surefire/maven-surefire-plugin/xsd/surefire-test-report-3.0.xsd" version="3.0" name="TestSuite" time="38.26" tests="1" errors="0" skipped="0" failures="0">
  <properties>
    <property name="sun.desktop" value="windows"/>
    <property name="awt.toolkit" value="sun.awt.windows.WToolkit"/>
    <property name="jdk.extensions.version" value="13.0.2.0"/>
    <property name="file.encoding.pkg" value="sun.io"/>
    <property name="java.specification.version" value="13"/>
    <property name="sun.jnu.encoding" value="Cp1252"/>
    <property name="java.class.path" value="C:\Users\mahamkali.saigopal\eclipse-workspace\MassMutualTest\target\test-classes;C:\Users\mahamkali.saigopal\eclipse-workspace\MassMutualTest\target\classes;C:\Users\mahamkali.saigopal\.m2\repository\junit\junit\4.11\junit-4.11.jar;C:\Users\mahamkali.saigopal\.m2\repository\io\cucumber\cucumber-core\5.4.1\cucumber-core-5.4.1.jar;C:\Users\mahamkali.saigopal\.m2\repository\io\cucumber\cucumber-gherkin\5.4.1\cucumber-gherkin-5.4.1.jar;C:\Users\mahamkali.saigopal\.m2\repository\io\cucumber\cucumber-gherkin-vintage\5.4.1\cucumber-gherkin-vintage-5.4.1.jar;C:\Users\mahamkali.saigopal\.m2\repository\io\cucumber\tag-expressions\2.0.4\tag-expressions-2.0.4.jar;C:\Users\mahamkali.saigopal\.m2\repository\io\cucumber\cucumber-expressions\8.3.1\cucumber-expressions-8.3.1.jar;C:\Users\mahamkali.saigopal\.m2\repository\io\cucumber\datatable\3.3.0\datatable-3.3.0.jar;C:\Users\mahamkali.saigopal\.m2\repository\io\cucumber\cucumber-plugin\5.4.1\cucumber-plugin-5.4.1.jar;C:\Users\mahamkali.saigopal\.m2\repository\io\cucumber\docstring\5.4.1\docstring-5.4.1.jar;C:\Users\mahamkali.saigopal\.m2\repository\org\apiguardian\apiguardian-api\1.1.0\apiguardian-api-1.1.0.jar;C:\Users\mahamkali.saigopal\.m2\repository\io\cucumber\cucumber-java\5.4.1\cucumber-java-5.4.1.jar;C:\Users\mahamkali.saigopal\.m2\repository\info\cukes\cucumber-html\0.2.6\cucumber-html-0.2.6.jar;C:\Users\mahamkali.saigopal\.m2\repository\io\cucumber\cucumber-junit\5.4.1\cucumber-junit-5.4.1.jar;C:\Users\mahamkali.saigopal\.m2\repository\io\cucumber\cucumber-jvm-deps\1.0.6\cucumber-jvm-deps-1.0.6.jar;C:\Users\mahamkali.saigopal\.m2\repository\net\masterthought\cucumber-reporting\5.1.1\cucumber-reporting-5.1.1.jar;C:\Users\mahamkali.saigopal\.m2\repository\com\fasterxml\jackson\core\jackson-databind\2.10.1\jackson-databind-2.10.1.jar;C:\Users\mahamkali.saigopal\.m2\repository\com\fasterxml\jackson\core\jackson-annotations\2.10.1\jackson-annotations-2.10.1.jar;C:\Users\mahamkali.saigopal\.m2\repository\com\fasterxml\jackson\core\jackson-core\2.10.1\jackson-core-2.10.1.jar;C:\Users\mahamkali.saigopal\.m2\repository\com\fasterxml\jackson\datatype\jackson-datatype-jsr310\2.10.1\jackson-datatype-jsr310-2.10.1.jar;C:\Users\mahamkali.saigopal\.m2\repository\org\apache\velocity\velocity-engine-core\2.1\velocity-engine-core-2.1.jar;C:\Users\mahamkali.saigopal\.m2\repository\org\slf4j\slf4j-api\1.7.26\slf4j-api-1.7.26.jar;C:\Users\mahamkali.saigopal\.m2\repository\commons-collections\commons-collections\3.2.2\commons-collections-3.2.2.jar;C:\Users\mahamkali.saigopal\.m2\repository\joda-time\joda-time\2.10.5\joda-time-2.10.5.jar;C:\Users\mahamkali.saigopal\.m2\repository\org\apache\commons\commons-lang3\3.9\commons-lang3-3.9.jar;C:\Users\mahamkali.saigopal\.m2\repository\commons-io\commons-io\2.6\commons-io-2.6.jar;C:\Users\mahamkali.saigopal\.m2\repository\org\codehaus\plexus\plexus-utils\3.3.0\plexus-utils-3.3.0.jar;C:\Users\mahamkali.saigopal\.m2\repository\org\jsoup\jsoup\1.12.1\jsoup-1.12.1.jar;C:\Users\mahamkali.saigopal\.m2\repository\com\googlecode\owasp-java-html-sanitizer\owasp-java-html-sanitizer\20191001.1\owasp-java-html-sanitizer-20191001.1.jar;C:\Users\mahamkali.saigopal\.m2\repository\commons-configuration\commons-configuration\1.10\commons-configuration-1.10.jar;C:\Users\mahamkali.saigopal\.m2\repository\commons-lang\commons-lang\2.6\commons-lang-2.6.jar;C:\Users\mahamkali.saigopal\.m2\repository\info\cukes\gherkin\2.12.2\gherkin-2.12.2.jar;C:\Users\mahamkali.saigopal\.m2\repository\org\hamcrest\hamcrest-core\2.2\hamcrest-core-2.2.jar;C:\Users\mahamkali.saigopal\.m2\repository\org\hamcrest\hamcrest\2.2\hamcrest-2.2.jar;C:\Users\mahamkali.saigopal\.m2\repository\org\seleniumhq\selenium\selenium-java\3.14.0\selenium-java-3.14.0.jar;C:\Users\mahamkali.saigopal\.m2\repository\org\seleniumhq\selenium\selenium-api\3.14.0\selenium-api-3.14.0.jar;C:\Users\mahamkali.saigopal\.m2\repository\org\seleniumhq\selenium\selenium-chrome-driver\3.14.0\selenium-chrome-driver-3.14.0.jar;C:\Users\mahamkali.saigopal\.m2\repository\org\seleniumhq\selenium\selenium-edge-driver\3.14.0\selenium-edge-driver-3.14.0.jar;C:\Users\mahamkali.saigopal\.m2\repository\org\seleniumhq\selenium\selenium-firefox-driver\3.14.0\selenium-firefox-driver-3.14.0.jar;C:\Users\mahamkali.saigopal\.m2\repository\org\seleniumhq\selenium\selenium-ie-driver\3.14.0\selenium-ie-driver-3.14.0.jar;C:\Users\mahamkali.saigopal\.m2\repository\org\seleniumhq\selenium\selenium-opera-driver\3.14.0\selenium-opera-driver-3.14.0.jar;C:\Users\mahamkali.saigopal\.m2\repository\org\seleniumhq\selenium\selenium-remote-driver\3.14.0\selenium-remote-driver-3.14.0.jar;C:\Users\mahamkali.saigopal\.m2\repository\org\seleniumhq\selenium\selenium-safari-driver\3.14.0\selenium-safari-driver-3.14.0.jar;C:\Users\mahamkali.saigopal\.m2\repository\org\seleniumhq\selenium\selenium-support\3.14.0\selenium-support-3.14.0.jar;C:\Users\mahamkali.saigopal\.m2\repository\net\bytebuddy\byte-buddy\1.8.15\byte-buddy-1.8.15.jar;C:\Users\mahamkali.saigopal\.m2\repository\org\apache\commons\commons-exec\1.3\commons-exec-1.3.jar;C:\Users\mahamkali.saigopal\.m2\repository\commons-codec\commons-codec\1.10\commons-codec-1.10.jar;C:\Users\mahamkali.saigopal\.m2\repository\commons-logging\commons-logging\1.2\commons-logging-1.2.jar;C:\Users\mahamkali.saigopal\.m2\repository\com\google\guava\guava\25.0-jre\guava-25.0-jre.jar;C:\Users\mahamkali.saigopal\.m2\repository\com\google\code\findbugs\jsr305\1.3.9\jsr305-1.3.9.jar;C:\Users\mahamkali.saigopal\.m2\repository\org\checkerframework\checker-compat-qual\2.0.0\checker-compat-qual-2.0.0.jar;C:\Users\mahamkali.saigopal\.m2\repository\com\google\errorprone\error_prone_annotations\2.1.3\error_prone_annotations-2.1.3.jar;C:\Users\mahamkali.saigopal\.m2\repository\com\google\j2objc\j2objc-annotations\1.1\j2objc-annotations-1.1.jar;C:\Users\mahamkali.saigopal\.m2\repository\org\codehaus\mojo\animal-sniffer-annotations\1.14\animal-sniffer-annotations-1.14.jar;C:\Users\mahamkali.saigopal\.m2\repository\org\apache\httpcomponents\httpclient\4.5.5\httpclient-4.5.5.jar;C:\Users\mahamkali.saigopal\.m2\repository\org\apache\httpcomponents\httpcore\4.4.9\httpcore-4.4.9.jar;C:\Users\mahamkali.saigopal\.m2\repository\com\squareup\okhttp3\okhttp\3.10.0\okhttp-3.10.0.jar;C:\Users\mahamkali.saigopal\.m2\repository\com\squareup\okio\okio\1.14.1\okio-1.14.1.jar;C:\Users\mahamkali.saigopal\.m2\repository\org\seleniumhq\selenium\selenium-server\3.14.0\selenium-server-3.14.0.jar;C:\Users\mahamkali.saigopal\.m2\repository\com\beust\jcommander\1.72\jcommander-1.72.jar;C:\Users\mahamkali.saigopal\.m2\repository\org\apache\commons\commons-text\1.1\commons-text-1.1.jar;C:\Users\mahamkali.saigopal\.m2\repository\commons-net\commons-net\3.6\commons-net-3.6.jar;C:\Users\mahamkali.saigopal\.m2\repository\net\sourceforge\htmlunit\htmlunit\2.30\htmlunit-2.30.jar;C:\Users\mahamkali.saigopal\.m2\repository\net\sourceforge\htmlunit\htmlunit-core-js\2.28\htmlunit-core-js-2.28.jar;C:\Users\mahamkali.saigopal\.m2\repository\net\sourceforge\htmlunit\htmlunit-cssparser\1.0.0\htmlunit-cssparser-1.0.0.jar;C:\Users\mahamkali.saigopal\.m2\repository\net\sourceforge\htmlunit\neko-htmlunit\2.30\neko-htmlunit-2.30.jar;C:\Users\mahamkali.saigopal\.m2\repository\org\apache\httpcomponents\httpmime\4.5.5\httpmime-4.5.5.jar;C:\Users\mahamkali.saigopal\.m2\repository\net\jcip\jcip-annotations\1.0\jcip-annotations-1.0.jar;C:\Users\mahamkali.saigopal\.m2\repository\org\seleniumhq\selenium\jetty-repacked\9.4.8.v20180619\jetty-repacked-9.4.8.v20180619.jar;C:\Users\mahamkali.saigopal\.m2\repository\org\eclipse\jetty\jetty-client\9.4.8.v20180619\jetty-client-9.4.8.v20180619.jar;C:\Users\mahamkali.saigopal\.m2\repository\org\eclipse\jetty\jetty-http\9.4.8.v20180619\jetty-http-9.4.8.v20180619.jar;C:\Users\mahamkali.saigopal\.m2\repository\org\eclipse\jetty\jetty-io\9.4.8.v20180619\jetty-io-9.4.8.v20180619.jar;C:\Users\mahamkali.saigopal\.m2\repository\org\eclipse\jetty\jetty-util\9.4.8.v20180619\jetty-util-9.4.8.v20180619.jar;C:\Users\mahamkali.saigopal\.m2\repository\org\eclipse\jetty\jetty-xml\9.4.8.v20180619\jetty-xml-9.4.8.v20180619.jar;C:\Users\mahamkali.saigopal\.m2\repository\org\seleniumhq\selenium\htmlunit-driver\2.30.0\htmlunit-driver-2.30.0.jar;C:\Users\mahamkali.saigopal\.m2\repository\javax\servlet\javax.servlet-api\3.1.0\javax.servlet-api-3.1.0.jar;C:\Users\mahamkali.saigopal\.m2\repository\org\eclipse\jetty\websocket\websocket-api\9.4.8.v20180619\websocket-api-9.4.8.v20180619.jar;C:\Users\mahamkali.saigopal\.m2\repository\org\eclipse\jetty\websocket\websocket-client\9.4.8.v20180619\websocket-client-9.4.8.v20180619.jar;C:\Users\mahamkali.saigopal\.m2\repository\org\eclipse\jetty\websocket\websocket-common\9.4.8.v20180619\websocket-common-9.4.8.v20180619.jar;C:\Users\mahamkali.saigopal\.m2\repository\xalan\serializer\2.7.2\serializer-2.7.2.jar;C:\Users\mahamkali.saigopal\.m2\repository\xalan\xalan\2.7.2\xalan-2.7.2.jar;C:\Users\mahamkali.saigopal\.m2\repository\xerces\xercesImpl\2.11.0\xercesImpl-2.11.0.jar;C:\Users\mahamkali.saigopal\.m2\repository\xml-apis\xml-apis\1.4.01\xml-apis-1.4.01.jar;C:\Users\mahamkali.saigopal\.m2\repository\org\yaml\snakeyaml\1.19\snakeyaml-1.19.jar;C:\Users\mahamkali.saigopal\.m2\repository\org\testng\testng\7.1.0\testng-7.1.0.jar;C:\Users\mahamkali.saigopal\.m2\repository\com\google\inject\guice\4.1.0\guice-4.1.0-no_aop.jar;C:\Users\mahamkali.saigopal\.m2\repository\javax\inject\javax.inject\1\javax.inject-1.jar;C:\Users\mahamkali.saigopal\.m2\repository\aopalliance\aopalliance\1.0\aopalliance-1.0.jar;C:\Users\mahamkali.saigopal\.m2\repository\io\cucumber\cucumber-testng\5.4.2\cucumber-testng-5.4.2.jar;"/>
    <property name="java.vm.vendor" value="Eclipse OpenJ9"/>
    <property name="sun.arch.data.model" value="64"/>
    <property name="com.ibm.vm.bitmode" value="64"/>
    <property name="user.variant" value=""/>
    <property name="com.ibm.oti.vm.library.version" value="29"/>
    <property name="java.vendor.url" value="https://adoptopenjdk.net/"/>
    <property name="user.timezone" value="Asia/Calcutta"/>
    <property name="os.name" value="Windows 10"/>
    <property name="java.vm.specification.version" value="13"/>
    <property name="sun.java.launcher" value="SUN_STANDARD"/>
    <property name="user.country" value="US"/>
    <property name="sun.boot.library.path" value="C:\Program Files\AdoptOpenJDK\jdk-13.0.2.8-openj9\bin\compressedrefs;C:\Program Files\AdoptOpenJDK\jdk-13.0.2.8-openj9\bin"/>
    <property name="sun.java.command" value="C:\Users\mahamkali.saigopal\AppData\Local\Temp\surefire7883508441110882289\surefirebooter6872171826137833753.jar C:\Users\mahamkali.saigopal\AppData\Local\Temp\surefire7883508441110882289 2021-03-29T22-13-32_082-jvmRun1 surefire7079007488521628066tmp surefire_017591794584561978279tmp"/>
    <property name="surefire.test.class.path" value="C:\Users\mahamkali.saigopal\eclipse-workspace\MassMutualTest\target\test-classes;C:\Users\mahamkali.saigopal\eclipse-workspace\MassMutualTest\target\classes;C:\Users\mahamkali.saigopal\.m2\repository\junit\junit\4.11\junit-4.11.jar;C:\Users\mahamkali.saigopal\.m2\repository\io\cucumber\cucumber-core\5.4.1\cucumber-core-5.4.1.jar;C:\Users\mahamkali.saigopal\.m2\repository\io\cucumber\cucumber-gherkin\5.4.1\cucumber-gherkin-5.4.1.jar;C:\Users\mahamkali.saigopal\.m2\repository\io\cucumber\cucumber-gherkin-vintage\5.4.1\cucumber-gherkin-vintage-5.4.1.jar;C:\Users\mahamkali.saigopal\.m2\repository\io\cucumber\tag-expressions\2.0.4\tag-expressions-2.0.4.jar;C:\Users\mahamkali.saigopal\.m2\repository\io\cucumber\cucumber-expressions\8.3.1\cucumber-expressions-8.3.1.jar;C:\Users\mahamkali.saigopal\.m2\repository\io\cucumber\datatable\3.3.0\datatable-3.3.0.jar;C:\Users\mahamkali.saigopal\.m2\repository\io\cucumber\cucumber-plugin\5.4.1\cucumber-plugin-5.4.1.jar;C:\Users\mahamkali.saigopal\.m2\repository\io\cucumber\docstring\5.4.1\docstring-5.4.1.jar;C:\Users\mahamkali.saigopal\.m2\repository\org\apiguardian\apiguardian-api\1.1.0\apiguardian-api-1.1.0.jar;C:\Users\mahamkali.saigopal\.m2\repository\io\cucumber\cucumber-java\5.4.1\cucumber-java-5.4.1.jar;C:\Users\mahamkali.saigopal\.m2\repository\info\cukes\cucumber-html\0.2.6\cucumber-html-0.2.6.jar;C:\Users\mahamkali.saigopal\.m2\repository\io\cucumber\cucumber-junit\5.4.1\cucumber-junit-5.4.1.jar;C:\Users\mahamkali.saigopal\.m2\repository\io\cucumber\cucumber-jvm-deps\1.0.6\cucumber-jvm-deps-1.0.6.jar;C:\Users\mahamkali.saigopal\.m2\repository\net\masterthought\cucumber-reporting\5.1.1\cucumber-reporting-5.1.1.jar;C:\Users\mahamkali.saigopal\.m2\repository\com\fasterxml\jackson\core\jackson-databind\2.10.1\jackson-databind-2.10.1.jar;C:\Users\mahamkali.saigopal\.m2\repository\com\fasterxml\jackson\core\jackson-annotations\2.10.1\jackson-annotations-2.10.1.jar;C:\Users\mahamkali.saigopal\.m2\repository\com\fasterxml\jackson\core\jackson-core\2.10.1\jackson-core-2.10.1.jar;C:\Users\mahamkali.saigopal\.m2\repository\com\fasterxml\jackson\datatype\jackson-datatype-jsr310\2.10.1\jackson-datatype-jsr310-2.10.1.jar;C:\Users\mahamkali.saigopal\.m2\repository\org\apache\velocity\velocity-engine-core\2.1\velocity-engine-core-2.1.jar;C:\Users\mahamkali.saigopal\.m2\repository\org\slf4j\slf4j-api\1.7.26\slf4j-api-1.7.26.jar;C:\Users\mahamkali.saigopal\.m2\repository\commons-collections\commons-collections\3.2.2\commons-collections-3.2.2.jar;C:\Users\mahamkali.saigopal\.m2\repository\joda-time\joda-time\2.10.5\joda-time-2.10.5.jar;C:\Users\mahamkali.saigopal\.m2\repository\org\apache\commons\commons-lang3\3.9\commons-lang3-3.9.jar;C:\Users\mahamkali.saigopal\.m2\repository\commons-io\commons-io\2.6\commons-io-2.6.jar;C:\Users\mahamkali.saigopal\.m2\repository\org\codehaus\plexus\plexus-utils\3.3.0\plexus-utils-3.3.0.jar;C:\Users\mahamkali.saigopal\.m2\repository\org\jsoup\jsoup\1.12.1\jsoup-1.12.1.jar;C:\Users\mahamkali.saigopal\.m2\repository\com\googlecode\owasp-java-html-sanitizer\owasp-java-html-sanitizer\20191001.1\owasp-java-html-sanitizer-20191001.1.jar;C:\Users\mahamkali.saigopal\.m2\repository\commons-configuration\commons-configuration\1.10\commons-configuration-1.10.jar;C:\Users\mahamkali.saigopal\.m2\repository\commons-lang\commons-lang\2.6\commons-lang-2.6.jar;C:\Users\mahamkali.saigopal\.m2\repository\info\cukes\gherkin\2.12.2\gherkin-2.12.2.jar;C:\Users\mahamkali.saigopal\.m2\repository\org\hamcrest\hamcrest-core\2.2\hamcrest-core-2.2.jar;C:\Users\mahamkali.saigopal\.m2\repository\org\hamcrest\hamcrest\2.2\hamcrest-2.2.jar;C:\Users\mahamkali.saigopal\.m2\repository\org\seleniumhq\selenium\selenium-java\3.14.0\selenium-java-3.14.0.jar;C:\Users\mahamkali.saigopal\.m2\repository\org\seleniumhq\selenium\selenium-api\3.14.0\selenium-api-3.14.0.jar;C:\Users\mahamkali.saigopal\.m2\repository\org\seleniumhq\selenium\selenium-chrome-driver\3.14.0\selenium-chrome-driver-3.14.0.jar;C:\Users\mahamkali.saigopal\.m2\repository\org\seleniumhq\selenium\selenium-edge-driver\3.14.0\selenium-edge-driver-3.14.0.jar;C:\Users\mahamkali.saigopal\.m2\repository\org\seleniumhq\selenium\selenium-firefox-driver\3.14.0\selenium-firefox-driver-3.14.0.jar;C:\Users\mahamkali.saigopal\.m2\repository\org\seleniumhq\selenium\selenium-ie-driver\3.14.0\selenium-ie-driver-3.14.0.jar;C:\Users\mahamkali.saigopal\.m2\repository\org\seleniumhq\selenium\selenium-opera-driver\3.14.0\selenium-opera-driver-3.14.0.jar;C:\Users\mahamkali.saigopal\.m2\repository\org\seleniumhq\selenium\selenium-remote-driver\3.14.0\selenium-remote-driver-3.14.0.jar;C:\Users\mahamkali.saigopal\.m2\repository\org\seleniumhq\selenium\selenium-safari-driver\3.14.0\selenium-safari-driver-3.14.0.jar;C:\Users\mahamkali.saigopal\.m2\repository\org\seleniumhq\selenium\selenium-support\3.14.0\selenium-support-3.14.0.jar;C:\Users\mahamkali.saigopal\.m2\repository\net\bytebuddy\byte-buddy\1.8.15\byte-buddy-1.8.15.jar;C:\Users\mahamkali.saigopal\.m2\repository\org\apache\commons\commons-exec\1.3\commons-exec-1.3.jar;C:\Users\mahamkali.saigopal\.m2\repository\commons-codec\commons-codec\1.10\commons-codec-1.10.jar;C:\Users\mahamkali.saigopal\.m2\repository\commons-logging\commons-logging\1.2\commons-logging-1.2.jar;C:\Users\mahamkali.saigopal\.m2\repository\com\google\guava\guava\25.0-jre\guava-25.0-jre.jar;C:\Users\mahamkali.saigopal\.m2\repository\com\google\code\findbugs\jsr305\1.3.9\jsr305-1.3.9.jar;C:\Users\mahamkali.saigopal\.m2\repository\org\checkerframework\checker-compat-qual\2.0.0\checker-compat-qual-2.0.0.jar;C:\Users\mahamkali.saigopal\.m2\repository\com\google\errorprone\error_prone_annotations\2.1.3\error_prone_annotations-2.1.3.jar;C:\Users\mahamkali.saigopal\.m2\repository\com\google\j2objc\j2objc-annotations\1.1\j2objc-annotations-1.1.jar;C:\Users\mahamkali.saigopal\.m2\repository\org\codehaus\mojo\animal-sniffer-annotations\1.14\animal-sniffer-annotations-1.14.jar;C:\Users\mahamkali.saigopal\.m2\repository\org\apache\httpcomponents\httpclient\4.5.5\httpclient-4.5.5.jar;C:\Users\mahamkali.saigopal\.m2\repository\org\apache\httpcomponents\httpcore\4.4.9\httpcore-4.4.9.jar;C:\Users\mahamkali.saigopal\.m2\repository\com\squareup\okhttp3\okhttp\3.10.0\okhttp-3.10.0.jar;C:\Users\mahamkali.saigopal\.m2\repository\com\squareup\okio\okio\1.14.1\okio-1.14.1.jar;C:\Users\mahamkali.saigopal\.m2\repository\org\seleniumhq\selenium\selenium-server\3.14.0\selenium-server-3.14.0.jar;C:\Users\mahamkali.saigopal\.m2\repository\com\beust\jcommander\1.72\jcommander-1.72.jar;C:\Users\mahamkali.saigopal\.m2\repository\org\apache\commons\commons-text\1.1\commons-text-1.1.jar;C:\Users\mahamkali.saigopal\.m2\repository\commons-net\commons-net\3.6\commons-net-3.6.jar;C:\Users\mahamkali.saigopal\.m2\repository\net\sourceforge\htmlunit\htmlunit\2.30\htmlunit-2.30.jar;C:\Users\mahamkali.saigopal\.m2\repository\net\sourceforge\htmlunit\htmlunit-core-js\2.28\htmlunit-core-js-2.28.jar;C:\Users\mahamkali.saigopal\.m2\repository\net\sourceforge\htmlunit\htmlunit-cssparser\1.0.0\htmlunit-cssparser-1.0.0.jar;C:\Users\mahamkali.saigopal\.m2\repository\net\sourceforge\htmlunit\neko-htmlunit\2.30\neko-htmlunit-2.30.jar;C:\Users\mahamkali.saigopal\.m2\repository\org\apache\httpcomponents\httpmime\4.5.5\httpmime-4.5.5.jar;C:\Users\mahamkali.saigopal\.m2\repository\net\jcip\jcip-annotations\1.0\jcip-annotations-1.0.jar;C:\Users\mahamkali.saigopal\.m2\repository\org\seleniumhq\selenium\jetty-repacked\9.4.8.v20180619\jetty-repacked-9.4.8.v20180619.jar;C:\Users\mahamkali.saigopal\.m2\repository\org\eclipse\jetty\jetty-client\9.4.8.v20180619\jetty-client-9.4.8.v20180619.jar;C:\Users\mahamkali.saigopal\.m2\repository\org\eclipse\jetty\jetty-http\9.4.8.v20180619\jetty-http-9.4.8.v20180619.jar;C:\Users\mahamkali.saigopal\.m2\repository\org\eclipse\jetty\jetty-io\9.4.8.v20180619\jetty-io-9.4.8.v20180619.jar;C:\Users\mahamkali.saigopal\.m2\repository\org\eclipse\jetty\jetty-util\9.4.8.v20180619\jetty-util-9.4.8.v20180619.jar;C:\Users\mahamkali.saigopal\.m2\repository\org\eclipse\jetty\jetty-xml\9.4.8.v20180619\jetty-xml-9.4.8.v20180619.jar;C:\Users\mahamkali.saigopal\.m2\repository\org\seleniumhq\selenium\htmlunit-driver\2.30.0\htmlunit-driver-2.30.0.jar;C:\Users\mahamkali.saigopal\.m2\repository\javax\servlet\javax.servlet-api\3.1.0\javax.servlet-api-3.1.0.jar;C:\Users\mahamkali.saigopal\.m2\repository\org\eclipse\jetty\websocket\websocket-api\9.4.8.v20180619\websocket-api-9.4.8.v20180619.jar;C:\Users\mahamkali.saigopal\.m2\repository\org\eclipse\jetty\websocket\websocket-client\9.4.8.v20180619\websocket-client-9.4.8.v20180619.jar;C:\Users\mahamkali.saigopal\.m2\repository\org\eclipse\jetty\websocket\websocket-common\9.4.8.v20180619\websocket-common-9.4.8.v20180619.jar;C:\Users\mahamkali.saigopal\.m2\repository\xalan\serializer\2.7.2\serializer-2.7.2.jar;C:\Users\mahamkali.saigopal\.m2\repository\xalan\xalan\2.7.2\xalan-2.7.2.jar;C:\Users\mahamkali.saigopal\.m2\repository\xerces\xercesImpl\2.11.0\xercesImpl-2.11.0.jar;C:\Users\mahamkali.saigopal\.m2\repository\xml-apis\xml-apis\1.4.01\xml-apis-1.4.01.jar;C:\Users\mahamkali.saigopal\.m2\repository\org\yaml\snakeyaml\1.19\snakeyaml-1.19.jar;C:\Users\mahamkali.saigopal\.m2\repository\org\testng\testng\7.1.0\testng-7.1.0.jar;C:\Users\mahamkali.saigopal\.m2\repository\com\google\inject\guice\4.1.0\guice-4.1.0-no_aop.jar;C:\Users\mahamkali.saigopal\.m2\repository\javax\inject\javax.inject\1\javax.inject-1.jar;C:\Users\mahamkali.saigopal\.m2\repository\aopalliance\aopalliance\1.0\aopalliance-1.0.jar;C:\Users\mahamkali.saigopal\.m2\repository\io\cucumber\cucumber-testng\5.4.2\cucumber-testng-5.4.2.jar;"/>
    <property name="sun.cpu.endian" value="little"/>
    <property name="user.home" value="C:\Users\mahamkali.saigopal"/>
    <property name="user.language" value="en"/>
    <property name="java.specification.vendor" value="Oracle Corporation"/>
    <property name="java.version.date" value="2020-01-14"/>
    <property name="java.home" value="C:\Program Files\AdoptOpenJDK\jdk-13.0.2.8-openj9"/>
    <property name="ibm.signalhandling.rs" value="false"/>
    <property name="file.separator" value="\"/>
    <property name="jdk.extensions.name" value="Extensions for OpenJDK for Eclipse OpenJ9"/>
    <property name="basedir" value="C:\Users\mahamkali.saigopal\eclipse-workspace\MassMutualTest"/>
    <property name="line.separator" value="&#10;"/>
    <property name="java.vm.specification.vendor" value="Oracle Corporation"/>
    <property name="java.specification.name" value="Java Platform API Specification"/>
    <property name="java.compiler" value="j9jit29"/>
    <property name="com.ibm.util.extralibs.properties" value=""/>
    <property name="java.awt.graphicsenv" value="sun.awt.Win32GraphicsEnvironment"/>
    <property name="com.ibm.oti.configuration" value="scar"/>
    <property name="java.awt.fonts" value=""/>
    <property name="surefire.real.class.path" value="C:\Users\mahamkali.saigopal\AppData\Local\Temp\surefire7883508441110882289\surefirebooter6872171826137833753.jar"/>
    <property name="com.ibm.oti.shared.enabled" value="false"/>
    <property name="jdk.boot.class.path.append" value=""/>
    <property name="com.ibm.oti.vm.bootstrap.library.path" value="C:\Program Files\AdoptOpenJDK\jdk-13.0.2.8-openj9\bin\compressedrefs;C:\Program Files\AdoptOpenJDK\jdk-13.0.2.8-openj9\bin"/>
    <property name="com.ibm.cpu.endian" value="little"/>
    <property name="java.fullversion" value="13.0.2+8&#10;JRE 13 Windows 10 amd64-64-Bit Compressed References 20200117_154 (JIT enabled, AOT enabled)&#10;OpenJ9   - 6968c18d7&#10;OMR      - 7a1b0239a&#10;JCL      - 9c5a41bd5f based on jdk-13.0.2+8"/>
    <property name="java.runtime.version" value="13.0.2+8"/>
    <property name="user.name" value="Mahamkali.Saigopal"/>
    <property name="path.separator" value=";"/>
    <property name="os.version" value="10.0"/>
    <property name="java.runtime.name" value="OpenJDK Runtime Environment"/>
    <property name="ibm.signalhandling.sigint" value="true"/>
    <property name="file.encoding" value="Cp1252"/>
    <property name="java.vm.name" value="Eclipse OpenJ9 VM"/>
    <property name="java.vendor.version" value="AdoptOpenJDK"/>
    <property name="ibm.signalhandling.sigchain" value="true"/>
    <property name="localRepository" value="C:\Users\mahamkali.saigopal\.m2\repository"/>
    <property name="java.vendor.url.bug" value="https://github.com/AdoptOpenJDK/openjdk-support/issues"/>
    <property name="java.io.tmpdir" value="C:\Users\mahamkali.saigopal\AppData\Local\Temp\"/>
    <property name="java.version" value="13.0.2"/>
    <property name="com.ibm.system.agent.path" value="C:\Program Files\AdoptOpenJDK\jdk-13.0.2.8-openj9\bin"/>
    <property name="user.dir" value="C:\Users\mahamkali.saigopal\eclipse-workspace\MassMutualTest"/>
    <property name="os.arch" value="amd64"/>
    <property name="java.vm.specification.name" value="Java Virtual Machine Specification"/>
    <property name="java.awt.printerjob" value="sun.awt.windows.WPrinterJob"/>
    <property name="sun.nio.PageAlignDirectMemory" value="false"/>
    <property name="os.encoding" value="UTF8"/>
    <property name="java.library.path" value="C:\Program Files\AdoptOpenJDK\jdk-13.0.2.8-openj9\bin\compressedrefs;C:\Program Files\AdoptOpenJDK\jdk-13.0.2.8-openj9\bin;C:\windows\system32;C:\windows;C:/Program Files/Zulu/zulu-11/bin/server;C:/Program Files/Zulu/zulu-11/bin;C:\Program Files\Zulu\zulu-11\bin\;C:\Program Files\AdoptOpenJDK\jdk-13.0.2.8-openj9\bin;C:\windows\system32;C:\windows;C:\windows\System32\Wbem;C:\windows\System32\WindowsPowerShell\v1.0\;C:\windows\System32\OpenSSH\;C:\Program Files\Microsoft VS Code\bin;C:\Program Files\Zulu\zulu-11-jre\bin\;D:\apache-maven-3.6.2\bin;C:\Program Files\nodejs\;C:\Program Files\Git\cmd;C:\Users\mahamkali.saigopal\AppData\Local\Microsoft\WindowsApps;;D:\eclipse-java-photon-R-win32-x86_64\eclipse;;."/>
    <property name="java.vendor" value="AdoptOpenJDK"/>
    <property name="java.vm.info" value="JRE 13 Windows 10 amd64-64-Bit Compressed References 20200117_154 (JIT enabled, AOT enabled)&#10;OpenJ9   - 6968c18d7&#10;OMR      - 7a1b0239a&#10;JCL      - 9c5a41bd5f based on jdk-13.0.2+8"/>
    <property name="sun.nio.MaxDirectMemorySize" value="3728392192"/>
    <property name="java.vm.version" value="openj9-0.18.0"/>
    <property name="com.ibm.jcl.checkClassPath" value=""/>
    <property name="ibm.system.encoding" value="Cp1252"/>
    <property name="sun.io.unicode.encoding" value="UnicodeLittle"/>
    <property name="java.class.version" value="57.0"/>
  </properties>
  <testcase name="runScenario" classname="massMutual.gui.Runner" time="36.572"/>
</testsuite>