<?xml version="1.0" encoding="UTF-8"?>
<!-- Generated by org.testng.reporters.JUnitReportReporter -->
<testsuite hostname="HYDHTC310560L" failures="0" tests="1" name="massMutual.gui.Runner" time="3.232" errors="1" timestamp="2021-03-29T22:03:00 IST" skipped="0">
  <testcase classname="massMutual.gui.Runner" name="runScenario" time="3.232">
    <error type="java.lang.NullPointerException">
      <![CDATA[java.lang.NullPointerException
at massMutual.gui.stepDefinitions.HomePageStepDefinitions.tearDown(HomePageStepDefinitions.java:81)
]]>
    </error>
  </testcase> <!-- runScenario -->
  <system-out/>
</testsuite> <!-- massMutual.gui.Runner -->
