<?xml version="1.0" encoding="UTF-8"?>
<!-- Generated by org.testng.reporters.JUnitReportReporter -->
<testsuite hostname="HYDHTC310560L" failures="0" tests="1" name="massMutual.gui.Runner" time="36.563" errors="0" timestamp="2021-03-29T22:14:12 IST" skipped="0">
  <testcase classname="massMutual.gui.Runner" name="runScenario" time="36.563"/>
  <system-out/>
</testsuite> <!-- massMutual.gui.Runner -->
